<?xml version="1.0" encoding="UTF-8"?>
<testng-results ignored="0" total="2" passed="2" failed="0" skipped="0">
  <reporter-output>
  </reporter-output>
  <suite started-at="2021-07-25T19:22:35 IST" name="TestSuite" finished-at="2021-07-25T19:23:09 IST" duration-ms="33388">
    <groups>
    </groups>
    <test started-at="2021-07-25T19:22:35 IST" name="ChromeTest" finished-at="2021-07-25T19:23:05 IST" duration-ms="29694">
      <class name="automationTask.flipKartTest">
        <test-method is-config="true" signature="setup(java.lang.String)[pri:0, instance:automationTask.flipKartTest@24fcf36f]" started-at="2021-07-25T19:22:35 IST" name="setup" finished-at="2021-07-25T19:22:36 IST" duration-ms="1178" status="PASS">
          <params>
            <param index="0">
              <value>
                <![CDATA[chrome]]>
              </value>
            </param>
          </params>
          <reporter-output>
          </reporter-output>
        </test-method> <!-- setup -->
        <test-method signature="function()[pri:0, instance:automationTask.flipKartTest@24fcf36f]" started-at="2021-07-25T19:22:36 IST" name="function" finished-at="2021-07-25T19:23:05 IST" duration-ms="28472" status="PASS">
          <reporter-output>
          </reporter-output>
        </test-method> <!-- function -->
      </class> <!-- automationTask.flipKartTest -->
    </test> <!-- ChromeTest -->
    <test started-at="2021-07-25T19:22:35 IST" name="FirefoxTest" finished-at="2021-07-25T19:23:09 IST" duration-ms="33388">
      <class name="automationTask.flipKartTest">
        <test-method is-config="true" signature="setup(java.lang.String)[pri:0, instance:automationTask.flipKartTest@48f278eb]" started-at="2021-07-25T19:22:35 IST" name="setup" finished-at="2021-07-25T19:22:39 IST" duration-ms="4155" status="PASS">
          <params>
            <param index="0">
              <value>
                <![CDATA[Firefox]]>
              </value>
            </param>
          </params>
          <reporter-output>
          </reporter-output>
        </test-method> <!-- setup -->
        <test-method signature="function()[pri:0, instance:automationTask.flipKartTest@48f278eb]" started-at="2021-07-25T19:22:39 IST" name="function" finished-at="2021-07-25T19:23:09 IST" duration-ms="29223" status="PASS">
          <reporter-output>
          </reporter-output>
        </test-method> <!-- function -->
      </class> <!-- automationTask.flipKartTest -->
    </test> <!-- FirefoxTest -->
  </suite> <!-- TestSuite -->
</testng-results>
